2017-03-15 14:48:09,536 - root - ERROR - urlJoin() takes exactly 2 arguments (3 given) - [BaseModel.py:70]
2017-03-15 14:48:09,537 - root - ERROR - urlJoin() takes exactly 2 arguments (3 given) - [BaseModel.py:70]
2017-03-15 14:48:09,537 - root - ERROR - urlJoin() takes exactly 2 arguments (3 given) - [BaseModel.py:70]
2017-03-15 14:48:09,537 - root - ERROR - urlJoin() takes exactly 2 arguments (3 given) - [BaseModel.py:70]
2017-03-15 14:48:09,537 - root - ERROR - urlJoin() takes exactly 2 arguments (3 given) - [BaseModel.py:70]
2017-03-15 14:48:09,537 - root - ERROR - urlJoin() takes exactly 2 arguments (3 given) - [BaseModel.py:70]
2017-03-15 14:48:09,537 - root - ERROR - urlJoin() takes exactly 2 arguments (3 given) - [BaseModel.py:70]
2017-03-15 14:48:09,537 - root - ERROR - urlJoin() takes exactly 2 arguments (3 given) - [BaseModel.py:70]
2017-03-15 14:48:09,537 - root - ERROR - urlJoin() takes exactly 2 arguments (3 given) - [BaseModel.py:70]
2017-03-15 14:48:09,537 - root - ERROR - urlJoin() takes exactly 2 arguments (3 given) - [BaseModel.py:70]
2017-03-15 14:48:09,537 - root - ERROR - urlJoin() takes exactly 2 arguments (3 given) - [BaseModel.py:70]
2017-03-15 14:48:09,538 - root - ERROR - urlJoin() takes exactly 2 arguments (3 given) - [BaseModel.py:70]
2017-03-15 14:48:09,538 - root - ERROR - urlJoin() takes exactly 2 arguments (3 given) - [BaseModel.py:70]
2017-03-15 14:48:09,538 - root - ERROR - urlJoin() takes exactly 2 arguments (3 given) - [BaseModel.py:70]
2017-03-15 14:48:09,538 - root - ERROR - urlJoin() takes exactly 2 arguments (3 given) - [BaseModel.py:70]
2017-03-15 14:48:09,538 - root - ERROR - urlJoin() takes exactly 2 arguments (3 given) - [BaseModel.py:70]
2017-03-15 14:48:09,538 - root - ERROR - urlJoin() takes exactly 2 arguments (3 given) - [BaseModel.py:70]
2017-03-15 14:48:09,538 - root - ERROR - urlJoin() takes exactly 2 arguments (3 given) - [BaseModel.py:70]
2017-03-16 14:40:08,286 - root - ERROR - 'NavigableString' object has no attribute 'text' - [BaseModel.py:133]
2017-03-16 14:40:08,290 - root - ERROR - 'NavigableString' object has no attribute 'text' - [BaseModel.py:133]
2017-03-16 14:48:00,997 - root - ERROR - 'NavigableString' object has no attribute 'text' - [BaseModel.py:133]
2017-03-16 14:48:00,999 - root - ERROR - 'NavigableString' object has no attribute 'text' - [BaseModel.py:133]
2017-03-16 14:48:20,419 - root - ERROR - 'NavigableString' object has no attribute 'text' - [BaseModel.py:133]
2017-03-16 14:48:20,422 - root - ERROR - 'NavigableString' object has no attribute 'text' - [BaseModel.py:133]
2017-03-16 16:03:33,077 - root - ERROR - 'NavigableString' object has no attribute 'text' - [BaseModel.py:133]
2017-03-16 16:03:33,090 - root - ERROR - 'NavigableString' object has no attribute 'text' - [BaseModel.py:133]
2017-03-16 16:03:59,293 - root - ERROR - 'NavigableString' object has no attribute 'text' - [BaseModel.py:133]
2017-03-16 16:03:59,296 - root - ERROR - 'NavigableString' object has no attribute 'text' - [BaseModel.py:133]
2017-03-16 16:14:04,182 - root - ERROR - 'NavigableString' object has no attribute 'text' - [BaseModel.py:133]
2017-03-16 16:14:04,184 - root - ERROR - 'NavigableString' object has no attribute 'text' - [BaseModel.py:133]
2017-03-16 16:16:04,520 - root - ERROR - 'NavigableString' object has no attribute 'text' - [BaseModel.py:133]
2017-03-16 16:16:04,523 - root - ERROR - 'NavigableString' object has no attribute 'text' - [BaseModel.py:133]
2017-03-16 16:35:35,630 - root - ERROR - 'NavigableString' object has no attribute 'text' - [BaseModel.py:133]
2017-03-16 16:35:35,640 - root - ERROR - 'NavigableString' object has no attribute 'text' - [BaseModel.py:133]
2017-03-16 16:36:42,027 - root - ERROR - 'NavigableString' object has no attribute 'text' - [BaseModel.py:133]
2017-03-16 16:36:42,039 - root - ERROR - 'NavigableString' object has no attribute 'text' - [BaseModel.py:133]
2017-03-17 16:03:13,644 - root - ERROR - 'NavigableString' object has no attribute 'text' - [BaseModel.py:132]
2017-03-17 16:03:13,647 - root - ERROR - 'Comment' object has no attribute 'text' - [BaseModel.py:132]
2017-03-17 16:03:13,648 - root - ERROR - 'NavigableString' object has no attribute 'text' - [BaseModel.py:132]
2017-03-17 16:03:13,648 - root - ERROR - 'Comment' object has no attribute 'text' - [BaseModel.py:132]
2017-03-17 16:03:13,648 - root - ERROR - 'NavigableString' object has no attribute 'text' - [BaseModel.py:132]
2017-03-17 16:03:13,648 - root - ERROR - 'NavigableString' object has no attribute 'text' - [BaseModel.py:132]
2017-03-17 16:04:25,791 - root - ERROR - 'NavigableString' object has no attribute 'text' - [BaseModel.py:132]
2017-03-17 16:04:25,794 - root - ERROR - 'Comment' object has no attribute 'text' - [BaseModel.py:132]
2017-03-17 16:04:25,794 - root - ERROR - 'NavigableString' object has no attribute 'text' - [BaseModel.py:132]
2017-03-17 16:04:25,794 - root - ERROR - 'Comment' object has no attribute 'text' - [BaseModel.py:132]
2017-03-17 16:04:25,794 - root - ERROR - 'NavigableString' object has no attribute 'text' - [BaseModel.py:132]
2017-03-17 16:04:25,794 - root - ERROR - 'NavigableString' object has no attribute 'text' - [BaseModel.py:132]
2017-03-17 16:10:40,835 - root - ERROR - 'NavigableString' object has no attribute 'text' - [BaseModel.py:132]
2017-03-17 16:10:40,839 - root - ERROR - 'Comment' object has no attribute 'text' - [BaseModel.py:132]
2017-03-17 16:10:40,839 - root - ERROR - 'NavigableString' object has no attribute 'text' - [BaseModel.py:132]
2017-03-17 16:10:40,839 - root - ERROR - 'Comment' object has no attribute 'text' - [BaseModel.py:132]
2017-03-17 16:10:40,839 - root - ERROR - 'NavigableString' object has no attribute 'text' - [BaseModel.py:132]
2017-03-17 16:10:40,839 - root - ERROR - 'NavigableString' object has no attribute 'text' - [BaseModel.py:132]
2017-03-17 16:15:36,819 - root - ERROR - 'NavigableString' object has no attribute 'text' - [BaseModel.py:132]
2017-03-17 16:15:36,869 - root - ERROR - 'Comment' object has no attribute 'text' - [BaseModel.py:132]
2017-03-17 16:15:36,870 - root - ERROR - 'NavigableString' object has no attribute 'text' - [BaseModel.py:132]
2017-03-17 16:15:36,870 - root - ERROR - 'Comment' object has no attribute 'text' - [BaseModel.py:132]
2017-03-17 16:15:36,870 - root - ERROR - 'NavigableString' object has no attribute 'text' - [BaseModel.py:132]
2017-03-17 16:15:36,871 - root - ERROR - 'NavigableString' object has no attribute 'text' - [BaseModel.py:132]
2017-03-17 16:18:43,476 - root - ERROR - 'NavigableString' object has no attribute 'text' - [BaseModel.py:133]
2017-03-17 16:18:43,481 - root - ERROR - 'Comment' object has no attribute 'text' - [BaseModel.py:133]
2017-03-17 16:18:43,481 - root - ERROR - 'NavigableString' object has no attribute 'text' - [BaseModel.py:133]
2017-03-17 16:18:43,481 - root - ERROR - 'Comment' object has no attribute 'text' - [BaseModel.py:133]
2017-03-17 16:18:43,481 - root - ERROR - 'NavigableString' object has no attribute 'text' - [BaseModel.py:133]
2017-03-17 16:18:43,481 - root - ERROR - 'NavigableString' object has no attribute 'text' - [BaseModel.py:133]
2017-03-17 16:19:22,080 - root - ERROR - 'NavigableString' object has no attribute 'text' - [BaseModel.py:133]
2017-03-17 16:19:22,081 - root - ERROR - 'Comment' object has no attribute 'text' - [BaseModel.py:133]
2017-03-17 16:19:22,081 - root - ERROR - 'NavigableString' object has no attribute 'text' - [BaseModel.py:133]
2017-03-17 16:19:22,081 - root - ERROR - 'Comment' object has no attribute 'text' - [BaseModel.py:133]
2017-03-17 16:19:22,081 - root - ERROR - 'NavigableString' object has no attribute 'text' - [BaseModel.py:133]
2017-03-17 16:19:22,081 - root - ERROR - 'NavigableString' object has no attribute 'text' - [BaseModel.py:133]
2017-03-17 16:27:42,929 - root - ERROR - 'NavigableString' object has no attribute 'text' - [BaseModel.py:133]
2017-03-17 16:27:42,930 - root - ERROR - 'Comment' object has no attribute 'text' - [BaseModel.py:133]
2017-03-17 16:27:42,930 - root - ERROR - 'NavigableString' object has no attribute 'text' - [BaseModel.py:133]
2017-03-17 16:27:42,930 - root - ERROR - 'Comment' object has no attribute 'text' - [BaseModel.py:133]
2017-03-17 16:27:42,930 - root - ERROR - 'NavigableString' object has no attribute 'text' - [BaseModel.py:133]
2017-03-17 16:27:42,930 - root - ERROR - 'NavigableString' object has no attribute 'text' - [BaseModel.py:133]
2017-03-19 12:58:34,658 - root - ERROR - [Errno 2] No such file or directory: '' - [BaseTranslation.py:81]
2017-03-19 14:00:11,403 - root - ERROR - URL u'http://translate.google.cn/translate_a/single?client=t&sl=zh&tl=en&hl=zh-CN&dt=at&dt=bd&dt=ex&dt=ld&dt=md&dt=qca&dt=rw&dt=rm&dt=ss&dt=t&ie=UTF-8&oe=UTF-8&clearbtn=1&otf=1&pc=1&srcrom=0&ssel=0&tsel=0&kc=2&tk=523479.116899&q=\u524d\u8a00\n\u3000\u3000\u770b\u6765\u6211\u8fd8\u662f\u4f4e\u4f30\u4e86BLZ\u7684\u51b3\u5fc3\u3002\u5c3d\u7ba1H\u96be\u5ea6\u76f8\u5bf9\u6bd4\u8f83\u4fbf\u5f53\uff0c\u4f46M\u52c7\u6c14\u8bd5\u70bc\u7684\u96be\u5ea6\u5145\u5206\u5c55\u73b0\u4e86BLZ\u7684\u6076\u610f\u3002\u53ea\u80fd\u8bf4\u771f\u662f\u5751\u7239\u554a\uff01\n\u3000\u3000\u6574\u4e2a\u526f\u672c\u6280\u80fd\u67af\u71e5\u4e4f\u5473\uff0c\u4f46\u662f\u7ec4\u5408\u53cd\u590d\u65e0\u5e38\uff0c\u6781\u5ea6\u8003\u9a8c\u4e2a\u4eba\u80fd\u529b\u3002\u53ef\u4ee5\u8bf4\u662f\u4e13\u95e8\u4e3a\u67d0\u4e9b\u9876\u7ea7pfu\u516c\u4f1a\u81ea\u8650\u8bbe\u8ba1\u7684\u3002\n\u3000\u3000M\u5965\u4e01\u5177\u6709\u957f\u8fbe11\u5206\u949f\u7684\u4f4e\u5bb9\u9519\u6d41\u7a0b\uff0cM\u9ad8\u59c6\u5219\u6709\u5de8\u5927\u7684dps\u538b\u529b\u548c\u7d27\u51d1\u7684\u6d41\u7a0b\uff0c\u8fd8\u8981\u6c42\u6709\u6781\u5feb\u7684\u4e2a\u4eba\u53cd\u5e94\u3002M\u6d77\u62c9\u5c31\u4e0d\u63d0\u4e86\uff0c\u622a\u81f3\u76ee\u524d\u53ea\u6709M\u4f1aS\u4f1a\u4e24\u4e2a\u5996\u5b7d\u6b63\u5e38\u8fc7\uff0c\u6839\u672c\u4e0d\u5728\u4e00\u822c\u56e2\u961f\u7684\u8003\u8651\u8303\u56f4\u3002\n\u3000\u3000\u66f4\u6c14\u7684\u662f\u8fd9\u4e09\u4e2aboss\u9664\u4e86\u4e2a\u522b\u804c\u4e1a\u7684\u5723\u7269\u4e4b\u5916\u6839\u672c\u4e0d\u6389\u4ec0\u4e48\u597d\u4e1c\u897f\uff0c\u4ee5\u81f3\u4e8e\u4f10\u6728\u662f\u51e0\u4e4e\u6ca1\u6709\u63d0\u5347\u7684\u3002\u4e5f\u5c31\u662f\u8bf4\u5927\u5bb6\u5982\u679c\u60f3\u4f53\u9a8c\u4e00\u4e0bM\u6d77\u62c9\uff0c\u51e0\u4e4e\u53ea\u6709\u7b49\u780d\u4e00\u6761\u8def\u3002\n\u3000\u3000\u524d\u4e24\u5929\u6253\u8fdbP3\u65f6\u5019\u5c31\u60f3\u597d\u8981\u5199\u8fd9\u7bc7\u5fc3\u5f97\u7684\uff0c\u7136\u800c\u88ab\u4f17\u4eba\u6f14\u5230\u4eca\u5929\u624d\u8fc7\u3002\u56de\u5934\u4e00\u770b\u9694\u58c1\u5927\u8868\u54e5\u7684\u5e16\u5b50\u5df2\u7ecf\u8fde\u9ad8\u59c6\u90fd\u63a8\u5012\u4e86\u3002\n\u3000\u3000\u540e\u9762\u7684\u5f00\u8352\u4e5f\u8bb8\u4f1a\u6bd4\u8f83\u96f6\u6563\u6bd4\u5982\u8bf4\u6709\u5168\u56e2\u5dc5\u5cf0\u518d\u53bb\u78b0\u72d7\u4e4b\u7c7b\u7684\u6253\u7b97\uff0c\u6240\u4ee5\u8fd9\u4e2a\u526f\u672c\u7cfb\u5217\u6253\u7b97\u505a\u6210\u4e09\u7bc7\u72ec\u7acb\u7684\u653b\u7565\uff0c\u6253\u5230\u54ea\u91cc\u5199\u5230\u54ea\u91cc\u3002\u7edd\u4e0d\u662f\u4e3a\u4e86\u9a97\u5206\uff01\n\u3000\u3000' contains non-ASCII characters - [BaseTranslationGoogle.py:70]
2017-03-19 14:14:45,717 - root - ERROR - Can't instantiate abstract class BaseHttp with abstract methods getHtmlByPhantomJs, get_cookie, save_cookie, send_get, send_post, setHandlers - [BaseTranslationGoogle.py:80]
2017-03-19 14:15:46,444 - root - ERROR - Can't instantiate abstract class BaseHttp with abstract methods getHtmlByPhantomJs, get_cookie, save_cookie, send_get, send_post, setHandlers - [BaseTranslationGoogle.py:80]
2017-03-19 14:17:00,801 - root - ERROR - Can't instantiate abstract class BaseHttp with abstract methods getHtmlByPhantomJs, get_cookie, save_cookie, send_get, send_post, setHandlers - [BaseTranslationGoogle.py:80]
2017-03-19 14:17:07,290 - root - ERROR - Can't instantiate abstract class BaseHttp with abstract methods getHtmlByPhantomJs, get_cookie, save_cookie, send_get, send_post, setHandlers - [BaseTranslationGoogle.py:81]
2017-03-19 14:23:15,537 - root - ERROR - HTTP Error 400: Bad Request - [BaseTranslationGoogle.py:88]
2017-03-19 14:23:39,035 - root - ERROR - HTTP Error 400: Bad Request - [BaseTranslationGoogle.py:87]
2017-03-19 14:34:25,578 - root - ERROR - HTTP Error 400: Bad Request - [BaseTranslationGoogle.py:87]
2017-03-19 14:41:53,053 - root - ERROR - not a valid non-string sequence or mapping object - [BaseTranslationGoogle.py:90]
2017-03-19 14:42:52,538 - root - ERROR - not a valid non-string sequence or mapping object - [BaseTranslationGoogle.py:88]
2017-03-19 14:43:34,574 - root - ERROR - not a valid non-string sequence or mapping object - [BaseTranslationGoogle.py:88]
2017-03-19 14:44:07,620 - root - ERROR - not a valid non-string sequence or mapping object - [BaseTranslationGoogle.py:88]
2017-03-19 14:44:41,626 - root - ERROR - not a valid non-string sequence or mapping object - [BaseTranslationGoogle.py:88]
2017-03-19 15:26:30,800 - root - ERROR - No JSON object could be decoded - [BaseTranslationGoogle.py:89]
2017-03-20 09:34:22,980 - root - ERROR - No JSON object could be decoded - [BaseTranslationGoogle.py:89]
2017-03-20 18:56:14,399 - root - ERROR - 'NavigableString' object has no attribute 'text' - [BaseModel.py:133]
2017-03-20 18:56:14,401 - root - ERROR - 'Comment' object has no attribute 'text' - [BaseModel.py:133]
2017-03-20 18:56:14,402 - root - ERROR - 'NavigableString' object has no attribute 'text' - [BaseModel.py:133]
2017-03-20 18:56:14,402 - root - ERROR - 'Comment' object has no attribute 'text' - [BaseModel.py:133]
2017-03-20 18:56:14,402 - root - ERROR - 'NavigableString' object has no attribute 'text' - [BaseModel.py:133]
2017-03-20 18:56:14,402 - root - ERROR - 'NavigableString' object has no attribute 'text' - [BaseModel.py:133]
2017-03-20 18:58:37,351 - root - ERROR - 'NavigableString' object has no attribute 'text' - [BaseModel.py:133]
2017-03-20 19:00:56,346 - root - ERROR - 'Comment' object has no attribute 'text' - [BaseModel.py:133]
2017-03-20 19:01:00,634 - root - ERROR - 'NavigableString' object has no attribute 'text' - [BaseModel.py:133]
2017-03-20 19:01:02,069 - root - ERROR - 'Comment' object has no attribute 'text' - [BaseModel.py:133]
2017-03-20 19:01:02,618 - root - ERROR - 'NavigableString' object has no attribute 'text' - [BaseModel.py:133]
2017-03-20 19:01:05,471 - root - ERROR - 'NavigableString' object has no attribute 'text' - [BaseModel.py:133]
2017-03-20 19:01:56,240 - root - ERROR - 'NavigableString' object has no attribute 'text' - [BaseModel.py:133]
2017-03-20 19:02:27,716 - root - ERROR - 'NavigableString' object has no attribute 'text' - [BaseModel.py:133]
2017-03-20 19:02:27,718 - root - ERROR - 'NavigableString' object has no attribute 'text' - [BaseModel.py:133]
2017-03-20 19:02:27,718 - root - ERROR - 'Comment' object has no attribute 'text' - [BaseModel.py:133]
2017-03-20 19:02:27,718 - root - ERROR - 'NavigableString' object has no attribute 'text' - [BaseModel.py:133]
2017-03-20 19:02:27,718 - root - ERROR - 'Comment' object has no attribute 'text' - [BaseModel.py:133]
2017-03-20 19:02:27,718 - root - ERROR - 'NavigableString' object has no attribute 'text' - [BaseModel.py:133]
2017-03-20 19:02:27,718 - root - ERROR - 'NavigableString' object has no attribute 'text' - [BaseModel.py:133]
2017-03-20 19:02:46,486 - root - ERROR - 'NavigableString' object has no attribute 'text' - [BaseModel.py:133]
2017-03-20 19:02:46,498 - root - ERROR - 'NavigableString' object has no attribute 'text' - [BaseModel.py:133]
2017-03-20 19:02:46,498 - root - ERROR - 'Comment' object has no attribute 'text' - [BaseModel.py:133]
2017-03-20 19:02:46,499 - root - ERROR - 'NavigableString' object has no attribute 'text' - [BaseModel.py:133]
2017-03-20 19:02:46,499 - root - ERROR - 'Comment' object has no attribute 'text' - [BaseModel.py:133]
2017-03-20 19:02:46,499 - root - ERROR - 'NavigableString' object has no attribute 'text' - [BaseModel.py:133]
2017-03-20 19:02:46,500 - root - ERROR - 'NavigableString' object has no attribute 'text' - [BaseModel.py:133]
2017-03-20 19:10:32,055 - root - ERROR - 'NavigableString' object has no attribute 'text' - [BaseModel.py:115]
2017-03-20 19:10:32,055 - root - ERROR - 'NavigableString' object has no attribute 'text' - [BaseModel.py:115]
2017-03-20 19:10:32,056 - root - ERROR - 'Comment' object has no attribute 'text' - [BaseModel.py:115]
2017-03-20 19:10:32,056 - root - ERROR - 'NavigableString' object has no attribute 'text' - [BaseModel.py:115]
2017-03-20 19:10:32,056 - root - ERROR - 'Comment' object has no attribute 'text' - [BaseModel.py:115]
2017-03-20 19:10:32,056 - root - ERROR - 'NavigableString' object has no attribute 'text' - [BaseModel.py:115]
2017-03-20 19:10:32,056 - root - ERROR - 'NavigableString' object has no attribute 'text' - [BaseModel.py:115]
2017-03-20 19:16:10,454 - root - ERROR - 'NavigableString' object has no attribute 'text' - [BaseModel.py:129]
2017-03-20 19:16:10,456 - root - ERROR - 'NavigableString' object has no attribute 'text' - [BaseModel.py:129]
2017-03-20 19:16:10,457 - root - ERROR - 'Comment' object has no attribute 'text' - [BaseModel.py:129]
2017-03-20 19:16:10,457 - root - ERROR - 'NavigableString' object has no attribute 'text' - [BaseModel.py:129]
2017-03-20 19:16:10,457 - root - ERROR - 'Comment' object has no attribute 'text' - [BaseModel.py:129]
2017-03-20 19:16:10,457 - root - ERROR - 'NavigableString' object has no attribute 'text' - [BaseModel.py:129]
2017-03-20 19:16:10,457 - root - ERROR - 'NavigableString' object has no attribute 'text' - [BaseModel.py:129]
2017-03-20 19:16:34,319 - root - ERROR - 'NavigableString' object has no attribute 'text' - [BaseModel.py:130]
2017-03-20 19:16:34,322 - root - ERROR - 'NavigableString' object has no attribute 'text' - [BaseModel.py:130]
2017-03-20 19:16:34,322 - root - ERROR - 'Comment' object has no attribute 'text' - [BaseModel.py:130]
2017-03-20 19:16:34,322 - root - ERROR - 'NavigableString' object has no attribute 'text' - [BaseModel.py:130]
2017-03-20 19:16:34,322 - root - ERROR - 'Comment' object has no attribute 'text' - [BaseModel.py:130]
2017-03-20 19:16:34,322 - root - ERROR - 'NavigableString' object has no attribute 'text' - [BaseModel.py:130]
2017-03-20 19:16:34,322 - root - ERROR - 'NavigableString' object has no attribute 'text' - [BaseModel.py:130]
2017-03-20 19:17:27,626 - root - ERROR - 'NavigableString' object has no attribute 'text' - [BaseModel.py:130]
2017-03-20 19:18:46,739 - root - ERROR - 'NavigableString' object has no attribute 'text' - [BaseModel.py:130]
2017-03-20 19:18:46,741 - root - ERROR - 'NavigableString' object has no attribute 'text' - [BaseModel.py:130]
2017-03-20 19:18:46,741 - root - ERROR - 'Comment' object has no attribute 'text' - [BaseModel.py:130]
2017-03-20 19:18:46,741 - root - ERROR - 'NavigableString' object has no attribute 'text' - [BaseModel.py:130]
2017-03-20 19:18:46,742 - root - ERROR - 'Comment' object has no attribute 'text' - [BaseModel.py:130]
2017-03-20 19:18:46,742 - root - ERROR - 'NavigableString' object has no attribute 'text' - [BaseModel.py:130]
2017-03-20 19:18:46,742 - root - ERROR - 'NavigableString' object has no attribute 'text' - [BaseModel.py:130]
2017-03-20 19:19:20,868 - root - ERROR - 'NavigableString' object has no attribute 'text' - [BaseModel.py:130]
2017-03-20 19:19:20,870 - root - ERROR - 'NavigableString' object has no attribute 'text' - [BaseModel.py:130]
2017-03-20 19:19:20,870 - root - ERROR - 'Comment' object has no attribute 'text' - [BaseModel.py:130]
2017-03-20 19:19:20,871 - root - ERROR - 'NavigableString' object has no attribute 'text' - [BaseModel.py:130]
2017-03-20 19:19:20,871 - root - ERROR - 'Comment' object has no attribute 'text' - [BaseModel.py:130]
2017-03-20 19:19:20,871 - root - ERROR - 'NavigableString' object has no attribute 'text' - [BaseModel.py:130]
2017-03-20 19:19:20,871 - root - ERROR - 'NavigableString' object has no attribute 'text' - [BaseModel.py:130]
2017-03-20 19:20:35,715 - root - ERROR - 'NavigableString' object has no attribute 'text' - [BaseModel.py:130]
2017-03-20 19:20:35,718 - root - ERROR - 'NavigableString' object has no attribute 'text' - [BaseModel.py:130]
2017-03-20 19:20:35,718 - root - ERROR - 'Comment' object has no attribute 'text' - [BaseModel.py:130]
2017-03-20 19:20:35,718 - root - ERROR - 'NavigableString' object has no attribute 'text' - [BaseModel.py:130]
2017-03-20 19:20:35,719 - root - ERROR - 'Comment' object has no attribute 'text' - [BaseModel.py:130]
2017-03-20 19:20:35,719 - root - ERROR - 'NavigableString' object has no attribute 'text' - [BaseModel.py:130]
2017-03-20 19:20:35,719 - root - ERROR - 'NavigableString' object has no attribute 'text' - [BaseModel.py:130]
2017-03-20 19:22:15,903 - root - ERROR - 'NavigableString' object has no attribute 'text' - [BaseModel.py:130]
2017-03-20 19:22:15,903 - root - ERROR - 'NavigableString' object has no attribute 'text' - [BaseModel.py:130]
2017-03-20 19:22:15,903 - root - ERROR - 'NavigableString' object has no attribute 'text' - [BaseModel.py:130]
2017-03-20 19:22:15,903 - root - ERROR - 'NavigableString' object has no attribute 'text' - [BaseModel.py:130]
2017-03-20 19:22:15,903 - root - ERROR - 'NavigableString' object has no attribute 'text' - [BaseModel.py:130]
2017-03-20 19:22:15,903 - root - ERROR - 'NavigableString' object has no attribute 'text' - [BaseModel.py:130]
2017-03-20 19:22:15,903 - root - ERROR - 'NavigableString' object has no attribute 'text' - [BaseModel.py:130]
2017-03-20 19:22:15,903 - root - ERROR - 'NavigableString' object has no attribute 'text' - [BaseModel.py:130]
2017-03-20 19:22:15,904 - root - ERROR - 'NavigableString' object has no attribute 'text' - [BaseModel.py:130]
2017-03-20 19:22:15,904 - root - ERROR - 'NavigableString' object has no attribute 'text' - [BaseModel.py:130]
2017-03-20 19:22:15,904 - root - ERROR - 'NavigableString' object has no attribute 'text' - [BaseModel.py:130]
2017-03-20 19:22:15,904 - root - ERROR - 'NavigableString' object has no attribute 'text' - [BaseModel.py:130]
2017-03-20 19:22:15,904 - root - ERROR - 'NavigableString' object has no attribute 'text' - [BaseModel.py:130]
2017-03-20 19:22:15,904 - root - ERROR - 'NavigableString' object has no attribute 'text' - [BaseModel.py:130]
2017-03-20 19:22:15,904 - root - ERROR - 'NavigableString' object has no attribute 'text' - [BaseModel.py:130]
2017-03-20 19:22:15,905 - root - ERROR - 'NavigableString' object has no attribute 'text' - [BaseModel.py:130]
2017-03-20 19:22:15,905 - root - ERROR - 'NavigableString' object has no attribute 'text' - [BaseModel.py:130]
2017-03-20 19:22:15,905 - root - ERROR - 'NavigableString' object has no attribute 'text' - [BaseModel.py:130]
2017-03-20 19:22:15,905 - root - ERROR - 'NavigableString' object has no attribute 'text' - [BaseModel.py:130]
2017-03-20 19:22:15,905 - root - ERROR - 'NavigableString' object has no attribute 'text' - [BaseModel.py:130]
2017-03-20 19:22:15,905 - root - ERROR - 'NavigableString' object has no attribute 'text' - [BaseModel.py:130]
2017-03-20 19:22:15,905 - root - ERROR - 'NavigableString' object has no attribute 'text' - [BaseModel.py:130]
2017-03-20 19:22:15,905 - root - ERROR - 'NavigableString' object has no attribute 'text' - [BaseModel.py:130]
2017-03-20 19:23:50,202 - root - ERROR - 'NavigableString' object has no attribute 'text' - [BaseModel.py:130]
2017-03-20 19:23:50,202 - root - ERROR - 'NavigableString' object has no attribute 'text' - [BaseModel.py:130]
2017-03-20 19:23:50,203 - root - ERROR - 'NavigableString' object has no attribute 'text' - [BaseModel.py:130]
2017-03-20 19:23:50,203 - root - ERROR - 'NavigableString' object has no attribute 'text' - [BaseModel.py:130]
2017-03-20 19:23:50,203 - root - ERROR - 'NavigableString' object has no attribute 'text' - [BaseModel.py:130]
2017-03-20 19:23:50,203 - root - ERROR - 'NavigableString' object has no attribute 'text' - [BaseModel.py:130]
2017-03-20 19:23:50,203 - root - ERROR - 'NavigableString' object has no attribute 'text' - [BaseModel.py:130]
2017-03-20 19:23:50,203 - root - ERROR - 'NavigableString' object has no attribute 'text' - [BaseModel.py:130]
2017-03-20 19:23:50,203 - root - ERROR - 'NavigableString' object has no attribute 'text' - [BaseModel.py:130]
2017-03-20 19:23:50,204 - root - ERROR - 'NavigableString' object has no attribute 'text' - [BaseModel.py:130]
2017-03-20 19:23:50,204 - root - ERROR - 'NavigableString' object has no attribute 'text' - [BaseModel.py:130]
2017-03-20 19:23:50,204 - root - ERROR - 'NavigableString' object has no attribute 'text' - [BaseModel.py:130]
2017-03-20 19:23:50,204 - root - ERROR - 'NavigableString' object has no attribute 'text' - [BaseModel.py:130]
2017-03-20 19:23:50,204 - root - ERROR - 'NavigableString' object has no attribute 'text' - [BaseModel.py:130]
2017-03-20 19:23:50,204 - root - ERROR - 'NavigableString' object has no attribute 'text' - [BaseModel.py:130]
2017-03-20 19:23:50,205 - root - ERROR - 'NavigableString' object has no attribute 'text' - [BaseModel.py:130]
2017-03-20 19:23:50,205 - root - ERROR - 'NavigableString' object has no attribute 'text' - [BaseModel.py:130]
2017-03-20 19:23:50,205 - root - ERROR - 'NavigableString' object has no attribute 'text' - [BaseModel.py:130]
2017-03-20 19:23:50,205 - root - ERROR - 'NavigableString' object has no attribute 'text' - [BaseModel.py:130]
2017-03-20 19:23:50,205 - root - ERROR - 'NavigableString' object has no attribute 'text' - [BaseModel.py:130]
2017-03-20 19:23:50,205 - root - ERROR - 'NavigableString' object has no attribute 'text' - [BaseModel.py:130]
2017-03-20 19:23:50,205 - root - ERROR - 'NavigableString' object has no attribute 'text' - [BaseModel.py:130]
2017-03-20 19:23:50,206 - root - ERROR - 'NavigableString' object has no attribute 'text' - [BaseModel.py:130]
2017-03-20 19:27:03,853 - root - ERROR - 'NavigableString' object has no attribute 'text' - [BaseModel.py:129]
2017-03-20 19:27:03,853 - root - ERROR - 'NavigableString' object has no attribute 'text' - [BaseModel.py:129]
2017-03-20 19:27:03,853 - root - ERROR - 'NavigableString' object has no attribute 'text' - [BaseModel.py:129]
2017-03-20 19:27:03,853 - root - ERROR - 'NavigableString' object has no attribute 'text' - [BaseModel.py:129]
2017-03-20 19:27:03,853 - root - ERROR - 'NavigableString' object has no attribute 'text' - [BaseModel.py:129]
2017-03-20 19:27:03,853 - root - ERROR - 'NavigableString' object has no attribute 'text' - [BaseModel.py:129]
2017-03-20 19:27:03,853 - root - ERROR - 'NavigableString' object has no attribute 'text' - [BaseModel.py:129]
2017-03-20 19:27:03,853 - root - ERROR - 'NavigableString' object has no attribute 'text' - [BaseModel.py:129]
2017-03-20 19:27:03,854 - root - ERROR - 'NavigableString' object has no attribute 'text' - [BaseModel.py:129]
2017-03-20 19:27:03,854 - root - ERROR - 'NavigableString' object has no attribute 'text' - [BaseModel.py:129]
2017-03-20 19:27:03,854 - root - ERROR - 'NavigableString' object has no attribute 'text' - [BaseModel.py:129]
2017-03-20 19:27:03,854 - root - ERROR - 'NavigableString' object has no attribute 'text' - [BaseModel.py:129]
2017-03-20 19:27:03,854 - root - ERROR - 'NavigableString' object has no attribute 'text' - [BaseModel.py:129]
2017-03-20 19:27:03,854 - root - ERROR - 'NavigableString' object has no attribute 'text' - [BaseModel.py:129]
2017-03-20 19:27:03,855 - root - ERROR - 'NavigableString' object has no attribute 'text' - [BaseModel.py:129]
2017-03-20 19:27:03,855 - root - ERROR - 'NavigableString' object has no attribute 'text' - [BaseModel.py:129]
2017-03-20 19:27:03,855 - root - ERROR - 'NavigableString' object has no attribute 'text' - [BaseModel.py:129]
2017-03-20 19:27:03,855 - root - ERROR - 'NavigableString' object has no attribute 'text' - [BaseModel.py:129]
2017-03-20 19:27:03,855 - root - ERROR - 'NavigableString' object has no attribute 'text' - [BaseModel.py:129]
2017-03-20 19:27:03,855 - root - ERROR - 'NavigableString' object has no attribute 'text' - [BaseModel.py:129]
2017-03-20 19:27:03,855 - root - ERROR - 'NavigableString' object has no attribute 'text' - [BaseModel.py:129]
2017-03-20 19:27:03,855 - root - ERROR - 'NavigableString' object has no attribute 'text' - [BaseModel.py:129]
2017-03-20 19:27:03,855 - root - ERROR - 'NavigableString' object has no attribute 'text' - [BaseModel.py:129]
2017-03-20 19:50:18,637 - root - ERROR - 'NavigableString' object has no attribute 'text' - [BaseModel.py:129]
2017-03-20 19:50:18,639 - root - ERROR - 'NavigableString' object has no attribute 'text' - [BaseModel.py:129]
2017-03-20 19:50:18,640 - root - ERROR - 'NavigableString' object has no attribute 'text' - [BaseModel.py:129]
2017-03-20 19:50:18,640 - root - ERROR - 'NavigableString' object has no attribute 'text' - [BaseModel.py:129]
2017-03-20 19:50:18,640 - root - ERROR - 'NavigableString' object has no attribute 'text' - [BaseModel.py:129]
2017-03-20 19:50:18,640 - root - ERROR - 'NavigableString' object has no attribute 'text' - [BaseModel.py:129]
2017-03-20 19:50:18,640 - root - ERROR - 'NavigableString' object has no attribute 'text' - [BaseModel.py:129]
2017-03-20 19:50:18,640 - root - ERROR - 'NavigableString' object has no attribute 'text' - [BaseModel.py:129]
2017-03-20 19:50:18,641 - root - ERROR - 'NavigableString' object has no attribute 'text' - [BaseModel.py:129]
2017-03-20 19:50:18,641 - root - ERROR - 'NavigableString' object has no attribute 'text' - [BaseModel.py:129]
2017-03-20 19:50:18,641 - root - ERROR - 'NavigableString' object has no attribute 'text' - [BaseModel.py:129]
2017-03-20 19:50:18,641 - root - ERROR - 'NavigableString' object has no attribute 'text' - [BaseModel.py:129]
2017-03-20 19:50:18,641 - root - ERROR - 'NavigableString' object has no attribute 'text' - [BaseModel.py:129]
2017-03-20 19:50:18,641 - root - ERROR - 'NavigableString' object has no attribute 'text' - [BaseModel.py:129]
2017-03-20 19:50:18,642 - root - ERROR - 'NavigableString' object has no attribute 'text' - [BaseModel.py:129]
2017-03-20 19:50:18,642 - root - ERROR - 'NavigableString' object has no attribute 'text' - [BaseModel.py:129]
2017-03-20 19:50:18,642 - root - ERROR - 'NavigableString' object has no attribute 'text' - [BaseModel.py:129]
2017-03-20 19:50:18,642 - root - ERROR - 'NavigableString' object has no attribute 'text' - [BaseModel.py:129]
2017-03-20 19:50:18,642 - root - ERROR - 'NavigableString' object has no attribute 'text' - [BaseModel.py:129]
2017-03-20 19:50:18,642 - root - ERROR - 'NavigableString' object has no attribute 'text' - [BaseModel.py:129]
2017-03-20 19:50:18,643 - root - ERROR - 'NavigableString' object has no attribute 'text' - [BaseModel.py:129]
2017-03-20 19:50:18,643 - root - ERROR - 'NavigableString' object has no attribute 'text' - [BaseModel.py:129]
2017-03-20 19:50:18,643 - root - ERROR - 'NavigableString' object has no attribute 'text' - [BaseModel.py:129]
2017-03-20 19:50:44,242 - root - ERROR - 'NavigableString' object has no attribute 'text' - [BaseModel.py:129]
2017-03-20 19:50:44,242 - root - ERROR - 'NavigableString' object has no attribute 'text' - [BaseModel.py:129]
2017-03-20 19:50:44,242 - root - ERROR - 'NavigableString' object has no attribute 'text' - [BaseModel.py:129]
2017-03-20 19:50:44,242 - root - ERROR - 'NavigableString' object has no attribute 'text' - [BaseModel.py:129]
2017-03-20 19:50:44,242 - root - ERROR - 'NavigableString' object has no attribute 'text' - [BaseModel.py:129]
2017-03-20 19:50:44,242 - root - ERROR - 'NavigableString' object has no attribute 'text' - [BaseModel.py:129]
2017-03-20 19:50:44,242 - root - ERROR - 'NavigableString' object has no attribute 'text' - [BaseModel.py:129]
2017-03-20 19:50:44,243 - root - ERROR - 'NavigableString' object has no attribute 'text' - [BaseModel.py:129]
2017-03-20 19:50:44,243 - root - ERROR - 'NavigableString' object has no attribute 'text' - [BaseModel.py:129]
2017-03-20 19:50:44,243 - root - ERROR - 'NavigableString' object has no attribute 'text' - [BaseModel.py:129]
2017-03-20 19:50:44,243 - root - ERROR - 'NavigableString' object has no attribute 'text' - [BaseModel.py:129]
2017-03-20 19:50:44,243 - root - ERROR - 'NavigableString' object has no attribute 'text' - [BaseModel.py:129]
2017-03-20 19:50:44,243 - root - ERROR - 'NavigableString' object has no attribute 'text' - [BaseModel.py:129]
2017-03-20 19:50:44,244 - root - ERROR - 'NavigableString' object has no attribute 'text' - [BaseModel.py:129]
2017-03-20 19:50:44,244 - root - ERROR - 'NavigableString' object has no attribute 'text' - [BaseModel.py:129]
2017-03-20 19:50:44,244 - root - ERROR - 'NavigableString' object has no attribute 'text' - [BaseModel.py:129]
2017-03-20 19:50:44,244 - root - ERROR - 'NavigableString' object has no attribute 'text' - [BaseModel.py:129]
2017-03-20 19:50:44,244 - root - ERROR - 'NavigableString' object has no attribute 'text' - [BaseModel.py:129]
2017-03-20 19:50:44,244 - root - ERROR - 'NavigableString' object has no attribute 'text' - [BaseModel.py:129]
2017-03-20 19:50:44,244 - root - ERROR - 'NavigableString' object has no attribute 'text' - [BaseModel.py:129]
2017-03-20 19:50:44,245 - root - ERROR - 'NavigableString' object has no attribute 'text' - [BaseModel.py:129]
2017-03-20 19:50:44,245 - root - ERROR - 'NavigableString' object has no attribute 'text' - [BaseModel.py:129]
2017-03-20 19:50:44,245 - root - ERROR - 'NavigableString' object has no attribute 'text' - [BaseModel.py:129]
2017-03-20 20:01:29,347 - root - ERROR - 'NavigableString' object has no attribute 'text' - [BaseModel.py:129]
2017-03-20 20:01:29,348 - root - ERROR - 'NavigableString' object has no attribute 'text' - [BaseModel.py:129]
2017-03-20 20:01:29,348 - root - ERROR - 'NavigableString' object has no attribute 'text' - [BaseModel.py:129]
2017-03-20 20:01:29,348 - root - ERROR - 'NavigableString' object has no attribute 'text' - [BaseModel.py:129]
2017-03-20 20:01:29,348 - root - ERROR - 'NavigableString' object has no attribute 'text' - [BaseModel.py:129]
2017-03-20 20:01:29,348 - root - ERROR - 'NavigableString' object has no attribute 'text' - [BaseModel.py:129]
2017-03-20 20:01:29,348 - root - ERROR - 'NavigableString' object has no attribute 'text' - [BaseModel.py:129]
2017-03-20 20:01:29,348 - root - ERROR - 'NavigableString' object has no attribute 'text' - [BaseModel.py:129]
2017-03-20 20:01:29,348 - root - ERROR - 'NavigableString' object has no attribute 'text' - [BaseModel.py:129]
2017-03-20 20:01:29,349 - root - ERROR - 'NavigableString' object has no attribute 'text' - [BaseModel.py:129]
2017-03-20 20:01:29,349 - root - ERROR - 'NavigableString' object has no attribute 'text' - [BaseModel.py:129]
2017-03-20 20:01:29,349 - root - ERROR - 'NavigableString' object has no attribute 'text' - [BaseModel.py:129]
2017-03-20 20:01:29,349 - root - ERROR - 'NavigableString' object has no attribute 'text' - [BaseModel.py:129]
2017-03-20 20:01:29,349 - root - ERROR - 'NavigableString' object has no attribute 'text' - [BaseModel.py:129]
2017-03-20 20:01:29,349 - root - ERROR - 'NavigableString' object has no attribute 'text' - [BaseModel.py:129]
2017-03-20 20:01:29,350 - root - ERROR - 'NavigableString' object has no attribute 'text' - [BaseModel.py:129]
2017-03-20 20:01:29,350 - root - ERROR - 'NavigableString' object has no attribute 'text' - [BaseModel.py:129]
2017-03-20 20:01:29,350 - root - ERROR - 'NavigableString' object has no attribute 'text' - [BaseModel.py:129]
2017-03-20 20:01:29,350 - root - ERROR - 'NavigableString' object has no attribute 'text' - [BaseModel.py:129]
2017-03-20 20:01:29,350 - root - ERROR - 'NavigableString' object has no attribute 'text' - [BaseModel.py:129]
2017-03-20 20:01:29,350 - root - ERROR - 'NavigableString' object has no attribute 'text' - [BaseModel.py:129]
2017-03-20 20:01:29,350 - root - ERROR - 'NavigableString' object has no attribute 'text' - [BaseModel.py:129]
2017-03-20 20:01:29,351 - root - ERROR - 'NavigableString' object has no attribute 'text' - [BaseModel.py:129]
2017-03-20 20:02:10,260 - root - ERROR - 'NavigableString' object has no attribute 'text' - [BaseModel.py:129]
2017-03-20 20:02:10,261 - root - ERROR - 'NavigableString' object has no attribute 'text' - [BaseModel.py:129]
2017-03-20 20:02:10,261 - root - ERROR - 'NavigableString' object has no attribute 'text' - [BaseModel.py:129]
2017-03-20 20:02:10,261 - root - ERROR - 'NavigableString' object has no attribute 'text' - [BaseModel.py:129]
2017-03-20 20:02:10,261 - root - ERROR - 'NavigableString' object has no attribute 'text' - [BaseModel.py:129]
2017-03-20 20:02:10,261 - root - ERROR - 'NavigableString' object has no attribute 'text' - [BaseModel.py:129]
2017-03-20 20:02:10,261 - root - ERROR - 'NavigableString' object has no attribute 'text' - [BaseModel.py:129]
2017-03-20 20:02:10,261 - root - ERROR - 'NavigableString' object has no attribute 'text' - [BaseModel.py:129]
2017-03-20 20:02:10,262 - root - ERROR - 'NavigableString' object has no attribute 'text' - [BaseModel.py:129]
2017-03-20 20:02:10,262 - root - ERROR - 'NavigableString' object has no attribute 'text' - [BaseModel.py:129]
2017-03-20 20:02:10,262 - root - ERROR - 'NavigableString' object has no attribute 'text' - [BaseModel.py:129]
2017-03-20 20:02:10,263 - root - ERROR - 'NavigableString' object has no attribute 'text' - [BaseModel.py:129]
2017-03-20 20:02:10,263 - root - ERROR - 'NavigableString' object has no attribute 'text' - [BaseModel.py:129]
2017-03-20 20:02:10,263 - root - ERROR - 'NavigableString' object has no attribute 'text' - [BaseModel.py:129]
2017-03-20 20:02:10,263 - root - ERROR - 'NavigableString' object has no attribute 'text' - [BaseModel.py:129]
2017-03-20 20:02:10,263 - root - ERROR - 'NavigableString' object has no attribute 'text' - [BaseModel.py:129]
2017-03-20 20:02:10,263 - root - ERROR - 'NavigableString' object has no attribute 'text' - [BaseModel.py:129]
2017-03-20 20:02:10,264 - root - ERROR - 'NavigableString' object has no attribute 'text' - [BaseModel.py:129]
2017-03-20 20:02:10,264 - root - ERROR - 'NavigableString' object has no attribute 'text' - [BaseModel.py:129]
2017-03-20 20:02:10,264 - root - ERROR - 'NavigableString' object has no attribute 'text' - [BaseModel.py:129]
2017-03-20 20:02:10,264 - root - ERROR - 'NavigableString' object has no attribute 'text' - [BaseModel.py:129]
2017-03-20 20:02:10,264 - root - ERROR - 'NavigableString' object has no attribute 'text' - [BaseModel.py:129]
2017-03-20 20:02:10,264 - root - ERROR - 'NavigableString' object has no attribute 'text' - [BaseModel.py:129]
2017-03-20 20:02:48,157 - root - ERROR - 'NavigableString' object has no attribute 'text' - [BaseModel.py:129]
2017-03-20 20:02:48,157 - root - ERROR - 'NavigableString' object has no attribute 'text' - [BaseModel.py:129]
2017-03-20 20:02:48,157 - root - ERROR - 'NavigableString' object has no attribute 'text' - [BaseModel.py:129]
2017-03-20 20:02:48,157 - root - ERROR - 'NavigableString' object has no attribute 'text' - [BaseModel.py:129]
2017-03-20 20:02:48,157 - root - ERROR - 'NavigableString' object has no attribute 'text' - [BaseModel.py:129]
2017-03-20 20:02:48,157 - root - ERROR - 'NavigableString' object has no attribute 'text' - [BaseModel.py:129]
2017-03-20 20:02:48,157 - root - ERROR - 'NavigableString' object has no attribute 'text' - [BaseModel.py:129]
2017-03-20 20:02:48,158 - root - ERROR - 'NavigableString' object has no attribute 'text' - [BaseModel.py:129]
2017-03-20 20:02:48,158 - root - ERROR - 'NavigableString' object has no attribute 'text' - [BaseModel.py:129]
2017-03-20 20:02:48,158 - root - ERROR - 'NavigableString' object has no attribute 'text' - [BaseModel.py:129]
2017-03-20 20:02:48,158 - root - ERROR - 'NavigableString' object has no attribute 'text' - [BaseModel.py:129]
2017-03-20 20:02:48,158 - root - ERROR - 'NavigableString' object has no attribute 'text' - [BaseModel.py:129]
2017-03-20 20:02:48,158 - root - ERROR - 'NavigableString' object has no attribute 'text' - [BaseModel.py:129]
2017-03-20 20:02:48,158 - root - ERROR - 'NavigableString' object has no attribute 'text' - [BaseModel.py:129]
2017-03-20 20:02:48,159 - root - ERROR - 'NavigableString' object has no attribute 'text' - [BaseModel.py:129]
2017-03-20 20:02:48,159 - root - ERROR - 'NavigableString' object has no attribute 'text' - [BaseModel.py:129]
2017-03-20 20:02:48,159 - root - ERROR - 'NavigableString' object has no attribute 'text' - [BaseModel.py:129]
2017-03-20 20:02:48,159 - root - ERROR - 'NavigableString' object has no attribute 'text' - [BaseModel.py:129]
2017-03-20 20:02:48,159 - root - ERROR - 'NavigableString' object has no attribute 'text' - [BaseModel.py:129]
2017-03-20 20:02:48,159 - root - ERROR - 'NavigableString' object has no attribute 'text' - [BaseModel.py:129]
2017-03-20 20:02:48,159 - root - ERROR - 'NavigableString' object has no attribute 'text' - [BaseModel.py:129]
2017-03-20 20:02:48,159 - root - ERROR - 'NavigableString' object has no attribute 'text' - [BaseModel.py:129]
2017-03-20 20:02:48,159 - root - ERROR - 'NavigableString' object has no attribute 'text' - [BaseModel.py:129]
2017-03-20 20:03:42,177 - root - ERROR - 'NavigableString' object has no attribute 'text' - [BaseModel.py:129]
2017-03-20 20:03:42,177 - root - ERROR - 'NavigableString' object has no attribute 'text' - [BaseModel.py:129]
2017-03-20 20:03:42,178 - root - ERROR - 'NavigableString' object has no attribute 'text' - [BaseModel.py:129]
2017-03-20 20:03:42,178 - root - ERROR - 'NavigableString' object has no attribute 'text' - [BaseModel.py:129]
2017-03-20 20:03:42,178 - root - ERROR - 'NavigableString' object has no attribute 'text' - [BaseModel.py:129]
2017-03-20 20:03:42,178 - root - ERROR - 'NavigableString' object has no attribute 'text' - [BaseModel.py:129]
2017-03-20 20:03:42,178 - root - ERROR - 'NavigableString' object has no attribute 'text' - [BaseModel.py:129]
2017-03-20 20:03:42,178 - root - ERROR - 'NavigableString' object has no attribute 'text' - [BaseModel.py:129]
2017-03-20 20:03:42,179 - root - ERROR - 'NavigableString' object has no attribute 'text' - [BaseModel.py:129]
2017-03-20 20:03:42,179 - root - ERROR - 'NavigableString' object has no attribute 'text' - [BaseModel.py:129]
2017-03-20 20:03:42,179 - root - ERROR - 'NavigableString' object has no attribute 'text' - [BaseModel.py:129]
2017-03-20 20:03:42,180 - root - ERROR - 'NavigableString' object has no attribute 'text' - [BaseModel.py:129]
2017-03-20 20:03:42,180 - root - ERROR - 'NavigableString' object has no attribute 'text' - [BaseModel.py:129]
2017-03-20 20:03:42,180 - root - ERROR - 'NavigableString' object has no attribute 'text' - [BaseModel.py:129]
2017-03-20 20:03:42,180 - root - ERROR - 'NavigableString' object has no attribute 'text' - [BaseModel.py:129]
2017-03-20 20:03:42,180 - root - ERROR - 'NavigableString' object has no attribute 'text' - [BaseModel.py:129]
2017-03-20 20:03:42,180 - root - ERROR - 'NavigableString' object has no attribute 'text' - [BaseModel.py:129]
2017-03-20 20:03:42,181 - root - ERROR - 'NavigableString' object has no attribute 'text' - [BaseModel.py:129]
2017-03-20 20:03:42,181 - root - ERROR - 'NavigableString' object has no attribute 'text' - [BaseModel.py:129]
2017-03-20 20:03:42,181 - root - ERROR - 'NavigableString' object has no attribute 'text' - [BaseModel.py:129]
2017-03-20 20:03:42,181 - root - ERROR - 'NavigableString' object has no attribute 'text' - [BaseModel.py:129]
2017-03-20 20:03:42,181 - root - ERROR - 'NavigableString' object has no attribute 'text' - [BaseModel.py:129]
2017-03-20 20:03:42,181 - root - ERROR - 'NavigableString' object has no attribute 'text' - [BaseModel.py:129]
2017-03-20 20:04:08,698 - root - ERROR - 'NavigableString' object has no attribute 'text' - [BaseModel.py:129]
2017-03-20 20:04:08,698 - root - ERROR - 'NavigableString' object has no attribute 'text' - [BaseModel.py:129]
2017-03-20 20:04:08,698 - root - ERROR - 'NavigableString' object has no attribute 'text' - [BaseModel.py:129]
2017-03-20 20:04:08,699 - root - ERROR - 'NavigableString' object has no attribute 'text' - [BaseModel.py:129]
2017-03-20 20:04:08,699 - root - ERROR - 'NavigableString' object has no attribute 'text' - [BaseModel.py:129]
2017-03-20 20:04:08,699 - root - ERROR - 'NavigableString' object has no attribute 'text' - [BaseModel.py:129]
2017-03-20 20:04:08,700 - root - ERROR - 'NavigableString' object has no attribute 'text' - [BaseModel.py:129]
2017-03-20 20:04:08,700 - root - ERROR - 'NavigableString' object has no attribute 'text' - [BaseModel.py:129]
2017-03-20 20:04:08,702 - root - ERROR - 'NavigableString' object has no attribute 'text' - [BaseModel.py:129]
2017-03-20 20:04:08,702 - root - ERROR - 'NavigableString' object has no attribute 'text' - [BaseModel.py:129]
2017-03-20 20:04:08,703 - root - ERROR - 'NavigableString' object has no attribute 'text' - [BaseModel.py:129]
2017-03-20 20:04:08,703 - root - ERROR - 'NavigableString' object has no attribute 'text' - [BaseModel.py:129]
2017-03-20 20:04:08,704 - root - ERROR - 'NavigableString' object has no attribute 'text' - [BaseModel.py:129]
2017-03-20 20:04:08,705 - root - ERROR - 'NavigableString' object has no attribute 'text' - [BaseModel.py:129]
2017-03-20 20:04:08,706 - root - ERROR - 'NavigableString' object has no attribute 'text' - [BaseModel.py:129]
2017-03-20 20:04:08,707 - root - ERROR - 'NavigableString' object has no attribute 'text' - [BaseModel.py:129]
2017-03-20 20:04:08,708 - root - ERROR - 'NavigableString' object has no attribute 'text' - [BaseModel.py:129]
2017-03-20 20:04:08,709 - root - ERROR - 'NavigableString' object has no attribute 'text' - [BaseModel.py:129]
2017-03-20 20:04:08,710 - root - ERROR - 'NavigableString' object has no attribute 'text' - [BaseModel.py:129]
2017-03-20 20:04:08,711 - root - ERROR - 'NavigableString' object has no attribute 'text' - [BaseModel.py:129]
2017-03-20 20:04:08,712 - root - ERROR - 'NavigableString' object has no attribute 'text' - [BaseModel.py:129]
2017-03-20 20:04:08,712 - root - ERROR - 'NavigableString' object has no attribute 'text' - [BaseModel.py:129]
2017-03-20 20:04:08,712 - root - ERROR - 'NavigableString' object has no attribute 'text' - [BaseModel.py:129]
2017-03-20 20:08:50,503 - root - ERROR - 'NavigableString' object has no attribute 'text' - [BaseModel.py:129]
2017-03-20 20:08:50,503 - root - ERROR - 'NavigableString' object has no attribute 'text' - [BaseModel.py:129]
2017-03-20 20:08:50,503 - root - ERROR - 'NavigableString' object has no attribute 'text' - [BaseModel.py:129]
2017-03-20 20:08:50,504 - root - ERROR - 'NavigableString' object has no attribute 'text' - [BaseModel.py:129]
2017-03-20 20:08:50,504 - root - ERROR - 'NavigableString' object has no attribute 'text' - [BaseModel.py:129]
2017-03-20 20:08:50,504 - root - ERROR - 'NavigableString' object has no attribute 'text' - [BaseModel.py:129]
2017-03-20 20:08:50,504 - root - ERROR - 'NavigableString' object has no attribute 'text' - [BaseModel.py:129]
2017-03-20 20:08:50,504 - root - ERROR - 'NavigableString' object has no attribute 'text' - [BaseModel.py:129]
2017-03-20 20:08:50,504 - root - ERROR - 'NavigableString' object has no attribute 'text' - [BaseModel.py:129]
2017-03-20 20:08:50,504 - root - ERROR - 'NavigableString' object has no attribute 'text' - [BaseModel.py:129]
2017-03-20 20:08:50,504 - root - ERROR - 'NavigableString' object has no attribute 'text' - [BaseModel.py:129]
2017-03-20 20:08:50,505 - root - ERROR - 'NavigableString' object has no attribute 'text' - [BaseModel.py:129]
2017-03-20 20:08:50,505 - root - ERROR - 'NavigableString' object has no attribute 'text' - [BaseModel.py:129]
2017-03-20 20:08:50,505 - root - ERROR - 'NavigableString' object has no attribute 'text' - [BaseModel.py:129]
2017-03-20 20:08:50,505 - root - ERROR - 'NavigableString' object has no attribute 'text' - [BaseModel.py:129]
2017-03-20 20:08:50,505 - root - ERROR - 'NavigableString' object has no attribute 'text' - [BaseModel.py:129]
2017-03-20 20:08:50,505 - root - ERROR - 'NavigableString' object has no attribute 'text' - [BaseModel.py:129]
2017-03-20 20:08:50,505 - root - ERROR - 'NavigableString' object has no attribute 'text' - [BaseModel.py:129]
2017-03-20 20:08:50,505 - root - ERROR - 'NavigableString' object has no attribute 'text' - [BaseModel.py:129]
2017-03-20 20:08:50,506 - root - ERROR - 'NavigableString' object has no attribute 'text' - [BaseModel.py:129]
2017-03-20 20:08:50,506 - root - ERROR - 'NavigableString' object has no attribute 'text' - [BaseModel.py:129]
2017-03-20 20:08:50,506 - root - ERROR - 'NavigableString' object has no attribute 'text' - [BaseModel.py:129]
2017-03-20 20:08:50,506 - root - ERROR - 'NavigableString' object has no attribute 'text' - [BaseModel.py:129]
2017-03-20 20:09:26,369 - root - ERROR - 'NavigableString' object has no attribute 'text' - [BaseModel.py:129]
2017-03-20 20:09:26,369 - root - ERROR - 'NavigableString' object has no attribute 'text' - [BaseModel.py:129]
2017-03-20 20:09:26,369 - root - ERROR - 'NavigableString' object has no attribute 'text' - [BaseModel.py:129]
2017-03-20 20:09:26,369 - root - ERROR - 'NavigableString' object has no attribute 'text' - [BaseModel.py:129]
2017-03-20 20:09:26,369 - root - ERROR - 'NavigableString' object has no attribute 'text' - [BaseModel.py:129]
2017-03-20 20:09:26,369 - root - ERROR - 'NavigableString' object has no attribute 'text' - [BaseModel.py:129]
2017-03-20 20:09:26,369 - root - ERROR - 'NavigableString' object has no attribute 'text' - [BaseModel.py:129]
2017-03-20 20:09:26,369 - root - ERROR - 'NavigableString' object has no attribute 'text' - [BaseModel.py:129]
2017-03-20 20:09:26,370 - root - ERROR - 'NavigableString' object has no attribute 'text' - [BaseModel.py:129]
2017-03-20 20:09:26,370 - root - ERROR - 'NavigableString' object has no attribute 'text' - [BaseModel.py:129]
2017-03-20 20:09:26,370 - root - ERROR - 'NavigableString' object has no attribute 'text' - [BaseModel.py:129]
2017-03-20 20:09:26,370 - root - ERROR - 'NavigableString' object has no attribute 'text' - [BaseModel.py:129]
2017-03-20 20:09:26,370 - root - ERROR - 'NavigableString' object has no attribute 'text' - [BaseModel.py:129]
2017-03-20 20:09:26,370 - root - ERROR - 'NavigableString' object has no attribute 'text' - [BaseModel.py:129]
2017-03-20 20:09:26,370 - root - ERROR - 'NavigableString' object has no attribute 'text' - [BaseModel.py:129]
2017-03-20 20:09:26,370 - root - ERROR - 'NavigableString' object has no attribute 'text' - [BaseModel.py:129]
2017-03-20 20:09:26,370 - root - ERROR - 'NavigableString' object has no attribute 'text' - [BaseModel.py:129]
2017-03-20 20:09:26,371 - root - ERROR - 'NavigableString' object has no attribute 'text' - [BaseModel.py:129]
2017-03-20 20:09:26,371 - root - ERROR - 'NavigableString' object has no attribute 'text' - [BaseModel.py:129]
2017-03-20 20:09:26,371 - root - ERROR - 'NavigableString' object has no attribute 'text' - [BaseModel.py:129]
2017-03-20 20:09:26,371 - root - ERROR - 'NavigableString' object has no attribute 'text' - [BaseModel.py:129]
2017-03-20 20:09:26,371 - root - ERROR - 'NavigableString' object has no attribute 'text' - [BaseModel.py:129]
2017-03-20 20:09:26,371 - root - ERROR - 'NavigableString' object has no attribute 'text' - [BaseModel.py:129]
2017-03-20 20:10:49,039 - root - ERROR - 'NavigableString' object has no attribute 'text' - [BaseModel.py:129]
2017-03-20 20:10:49,041 - root - ERROR - 'NavigableString' object has no attribute 'text' - [BaseModel.py:129]
2017-03-20 20:10:49,041 - root - ERROR - 'NavigableString' object has no attribute 'text' - [BaseModel.py:129]
2017-03-20 20:10:49,041 - root - ERROR - 'NavigableString' object has no attribute 'text' - [BaseModel.py:129]
2017-03-20 20:10:49,041 - root - ERROR - 'NavigableString' object has no attribute 'text' - [BaseModel.py:129]
2017-03-20 20:10:49,041 - root - ERROR - 'NavigableString' object has no attribute 'text' - [BaseModel.py:129]
2017-03-20 20:10:49,041 - root - ERROR - 'NavigableString' object has no attribute 'text' - [BaseModel.py:129]
2017-03-20 20:10:49,041 - root - ERROR - 'NavigableString' object has no attribute 'text' - [BaseModel.py:129]
2017-03-20 20:10:49,042 - root - ERROR - 'NavigableString' object has no attribute 'text' - [BaseModel.py:129]
2017-03-20 20:10:49,042 - root - ERROR - 'NavigableString' object has no attribute 'text' - [BaseModel.py:129]
2017-03-20 20:10:49,042 - root - ERROR - 'NavigableString' object has no attribute 'text' - [BaseModel.py:129]
2017-03-20 20:10:49,043 - root - ERROR - 'NavigableString' object has no attribute 'text' - [BaseModel.py:129]
2017-03-20 20:10:49,043 - root - ERROR - 'NavigableString' object has no attribute 'text' - [BaseModel.py:129]
2017-03-20 20:10:49,043 - root - ERROR - 'NavigableString' object has no attribute 'text' - [BaseModel.py:129]
2017-03-20 20:10:49,043 - root - ERROR - 'NavigableString' object has no attribute 'text' - [BaseModel.py:129]
2017-03-20 20:10:49,044 - root - ERROR - 'NavigableString' object has no attribute 'text' - [BaseModel.py:129]
2017-03-20 20:10:49,044 - root - ERROR - 'NavigableString' object has no attribute 'text' - [BaseModel.py:129]
2017-03-20 20:10:49,044 - root - ERROR - 'NavigableString' object has no attribute 'text' - [BaseModel.py:129]
2017-03-20 20:10:49,044 - root - ERROR - 'NavigableString' object has no attribute 'text' - [BaseModel.py:129]
2017-03-20 20:10:49,045 - root - ERROR - 'NavigableString' object has no attribute 'text' - [BaseModel.py:129]
2017-03-20 20:10:49,045 - root - ERROR - 'NavigableString' object has no attribute 'text' - [BaseModel.py:129]
2017-03-20 20:10:49,045 - root - ERROR - 'NavigableString' object has no attribute 'text' - [BaseModel.py:129]
2017-03-20 20:10:49,045 - root - ERROR - 'NavigableString' object has no attribute 'text' - [BaseModel.py:129]
2017-03-21 00:33:26,204 - root - ERROR - 'NavigableString' object has no attribute 'text' - [BaseModel.py:129]
2017-03-21 00:33:26,207 - root - ERROR - 'NavigableString' object has no attribute 'text' - [BaseModel.py:129]
2017-03-21 00:33:26,207 - root - ERROR - 'NavigableString' object has no attribute 'text' - [BaseModel.py:129]
2017-03-21 00:33:26,207 - root - ERROR - 'NavigableString' object has no attribute 'text' - [BaseModel.py:129]
2017-03-21 00:33:26,207 - root - ERROR - 'NavigableString' object has no attribute 'text' - [BaseModel.py:129]
2017-03-21 00:33:26,208 - root - ERROR - 'NavigableString' object has no attribute 'text' - [BaseModel.py:129]
2017-03-21 00:33:26,208 - root - ERROR - 'NavigableString' object has no attribute 'text' - [BaseModel.py:129]
2017-03-21 00:33:26,208 - root - ERROR - 'NavigableString' object has no attribute 'text' - [BaseModel.py:129]
2017-03-21 00:33:26,208 - root - ERROR - 'NavigableString' object has no attribute 'text' - [BaseModel.py:129]
2017-03-21 00:33:26,208 - root - ERROR - 'NavigableString' object has no attribute 'text' - [BaseModel.py:129]
2017-03-21 00:33:26,208 - root - ERROR - 'NavigableString' object has no attribute 'text' - [BaseModel.py:129]
2017-03-21 00:33:26,208 - root - ERROR - 'NavigableString' object has no attribute 'text' - [BaseModel.py:129]
2017-03-21 00:33:26,209 - root - ERROR - 'NavigableString' object has no attribute 'text' - [BaseModel.py:129]
2017-03-21 00:33:26,209 - root - ERROR - 'NavigableString' object has no attribute 'text' - [BaseModel.py:129]
2017-03-21 00:33:26,209 - root - ERROR - 'NavigableString' object has no attribute 'text' - [BaseModel.py:129]
2017-03-21 00:33:26,209 - root - ERROR - 'NavigableString' object has no attribute 'text' - [BaseModel.py:129]
2017-03-21 00:33:26,209 - root - ERROR - 'NavigableString' object has no attribute 'text' - [BaseModel.py:129]
2017-03-21 00:33:26,209 - root - ERROR - 'NavigableString' object has no attribute 'text' - [BaseModel.py:129]
2017-03-21 00:33:26,209 - root - ERROR - 'NavigableString' object has no attribute 'text' - [BaseModel.py:129]
2017-03-21 00:33:26,209 - root - ERROR - 'NavigableString' object has no attribute 'text' - [BaseModel.py:129]
2017-03-21 00:33:26,210 - root - ERROR - 'NavigableString' object has no attribute 'text' - [BaseModel.py:129]
2017-03-21 00:33:26,210 - root - ERROR - 'NavigableString' object has no attribute 'text' - [BaseModel.py:129]
2017-03-21 00:33:26,210 - root - ERROR - 'NavigableString' object has no attribute 'text' - [BaseModel.py:129]
2017-03-21 00:33:59,810 - root - ERROR - 'NavigableString' object has no attribute 'text' - [BaseModel.py:129]
2017-03-21 00:33:59,811 - root - ERROR - 'NavigableString' object has no attribute 'text' - [BaseModel.py:129]
2017-03-21 00:33:59,811 - root - ERROR - 'NavigableString' object has no attribute 'text' - [BaseModel.py:129]
2017-03-21 00:33:59,811 - root - ERROR - 'NavigableString' object has no attribute 'text' - [BaseModel.py:129]
2017-03-21 00:33:59,811 - root - ERROR - 'NavigableString' object has no attribute 'text' - [BaseModel.py:129]
2017-03-21 00:33:59,811 - root - ERROR - 'NavigableString' object has no attribute 'text' - [BaseModel.py:129]
2017-03-21 00:33:59,811 - root - ERROR - 'NavigableString' object has no attribute 'text' - [BaseModel.py:129]
2017-03-21 00:33:59,811 - root - ERROR - 'NavigableString' object has no attribute 'text' - [BaseModel.py:129]
2017-03-21 00:33:59,811 - root - ERROR - 'NavigableString' object has no attribute 'text' - [BaseModel.py:129]
2017-03-21 00:33:59,811 - root - ERROR - 'NavigableString' object has no attribute 'text' - [BaseModel.py:129]
2017-03-21 00:33:59,812 - root - ERROR - 'NavigableString' object has no attribute 'text' - [BaseModel.py:129]
2017-03-21 00:33:59,812 - root - ERROR - 'NavigableString' object has no attribute 'text' - [BaseModel.py:129]
2017-03-21 00:33:59,812 - root - ERROR - 'NavigableString' object has no attribute 'text' - [BaseModel.py:129]
2017-03-21 00:33:59,812 - root - ERROR - 'NavigableString' object has no attribute 'text' - [BaseModel.py:129]
2017-03-21 00:33:59,812 - root - ERROR - 'NavigableString' object has no attribute 'text' - [BaseModel.py:129]
2017-03-21 00:33:59,812 - root - ERROR - 'NavigableString' object has no attribute 'text' - [BaseModel.py:129]
2017-03-21 00:33:59,812 - root - ERROR - 'NavigableString' object has no attribute 'text' - [BaseModel.py:129]
2017-03-21 00:33:59,812 - root - ERROR - 'NavigableString' object has no attribute 'text' - [BaseModel.py:129]
2017-03-21 00:33:59,812 - root - ERROR - 'NavigableString' object has no attribute 'text' - [BaseModel.py:129]
2017-03-21 00:33:59,812 - root - ERROR - 'NavigableString' object has no attribute 'text' - [BaseModel.py:129]
2017-03-21 00:33:59,813 - root - ERROR - 'NavigableString' object has no attribute 'text' - [BaseModel.py:129]
2017-03-21 00:33:59,813 - root - ERROR - 'NavigableString' object has no attribute 'text' - [BaseModel.py:129]
2017-03-21 00:33:59,813 - root - ERROR - 'NavigableString' object has no attribute 'text' - [BaseModel.py:129]
2017-03-21 00:34:10,513 - root - ERROR - 'NavigableString' object has no attribute 'text' - [BaseModel.py:129]
2017-03-21 00:34:10,513 - root - ERROR - 'NavigableString' object has no attribute 'text' - [BaseModel.py:129]
2017-03-21 00:34:10,513 - root - ERROR - 'NavigableString' object has no attribute 'text' - [BaseModel.py:129]
2017-03-21 00:34:10,514 - root - ERROR - 'NavigableString' object has no attribute 'text' - [BaseModel.py:129]
2017-03-21 00:34:10,514 - root - ERROR - 'NavigableString' object has no attribute 'text' - [BaseModel.py:129]
2017-03-21 00:34:10,514 - root - ERROR - 'NavigableString' object has no attribute 'text' - [BaseModel.py:129]
2017-03-21 00:34:10,514 - root - ERROR - 'NavigableString' object has no attribute 'text' - [BaseModel.py:129]
2017-03-21 00:34:10,515 - root - ERROR - 'NavigableString' object has no attribute 'text' - [BaseModel.py:129]
2017-03-21 00:34:10,517 - root - ERROR - 'NavigableString' object has no attribute 'text' - [BaseModel.py:129]
2017-03-21 00:34:10,517 - root - ERROR - 'NavigableString' object has no attribute 'text' - [BaseModel.py:129]
2017-03-21 00:34:10,517 - root - ERROR - 'NavigableString' object has no attribute 'text' - [BaseModel.py:129]
2017-03-21 00:34:10,518 - root - ERROR - 'NavigableString' object has no attribute 'text' - [BaseModel.py:129]
2017-03-21 00:34:10,519 - root - ERROR - 'NavigableString' object has no attribute 'text' - [BaseModel.py:129]
2017-03-21 00:34:10,520 - root - ERROR - 'NavigableString' object has no attribute 'text' - [BaseModel.py:129]
2017-03-21 00:34:10,520 - root - ERROR - 'NavigableString' object has no attribute 'text' - [BaseModel.py:129]
2017-03-21 00:34:10,521 - root - ERROR - 'NavigableString' object has no attribute 'text' - [BaseModel.py:129]
2017-03-21 00:34:10,522 - root - ERROR - 'NavigableString' object has no attribute 'text' - [BaseModel.py:129]
2017-03-21 00:34:10,523 - root - ERROR - 'NavigableString' object has no attribute 'text' - [BaseModel.py:129]
2017-03-21 00:34:10,524 - root - ERROR - 'NavigableString' object has no attribute 'text' - [BaseModel.py:129]
2017-03-21 00:34:10,524 - root - ERROR - 'NavigableString' object has no attribute 'text' - [BaseModel.py:129]
2017-03-21 00:34:10,525 - root - ERROR - 'NavigableString' object has no attribute 'text' - [BaseModel.py:129]
2017-03-21 00:34:10,525 - root - ERROR - 'NavigableString' object has no attribute 'text' - [BaseModel.py:129]
2017-03-21 00:34:10,526 - root - ERROR - 'NavigableString' object has no attribute 'text' - [BaseModel.py:129]
2017-03-21 00:55:16,303 - root - ERROR - 'NavigableString' object has no attribute 'text' - [BaseModel.py:129]
2017-03-21 00:55:16,305 - root - ERROR - 'NavigableString' object has no attribute 'text' - [BaseModel.py:129]
2017-03-21 00:55:16,306 - root - ERROR - 'NavigableString' object has no attribute 'text' - [BaseModel.py:129]
2017-03-21 00:55:16,306 - root - ERROR - 'NavigableString' object has no attribute 'text' - [BaseModel.py:129]
2017-03-21 00:55:16,306 - root - ERROR - 'NavigableString' object has no attribute 'text' - [BaseModel.py:129]
2017-03-21 00:55:16,306 - root - ERROR - 'NavigableString' object has no attribute 'text' - [BaseModel.py:129]
2017-03-21 00:55:16,306 - root - ERROR - 'NavigableString' object has no attribute 'text' - [BaseModel.py:129]
2017-03-21 00:55:16,306 - root - ERROR - 'NavigableString' object has no attribute 'text' - [BaseModel.py:129]
2017-03-21 00:55:16,307 - root - ERROR - 'NavigableString' object has no attribute 'text' - [BaseModel.py:129]
2017-03-21 00:55:16,307 - root - ERROR - 'NavigableString' object has no attribute 'text' - [BaseModel.py:129]
2017-03-21 00:55:16,307 - root - ERROR - 'NavigableString' object has no attribute 'text' - [BaseModel.py:129]
2017-03-21 00:55:16,307 - root - ERROR - 'NavigableString' object has no attribute 'text' - [BaseModel.py:129]
2017-03-21 00:55:16,307 - root - ERROR - 'NavigableString' object has no attribute 'text' - [BaseModel.py:129]
2017-03-21 00:55:16,307 - root - ERROR - 'NavigableString' object has no attribute 'text' - [BaseModel.py:129]
2017-03-21 00:55:16,307 - root - ERROR - 'NavigableString' object has no attribute 'text' - [BaseModel.py:129]
2017-03-21 00:55:16,307 - root - ERROR - 'NavigableString' object has no attribute 'text' - [BaseModel.py:129]
2017-03-21 00:55:16,308 - root - ERROR - 'NavigableString' object has no attribute 'text' - [BaseModel.py:129]
2017-03-21 00:55:16,308 - root - ERROR - 'NavigableString' object has no attribute 'text' - [BaseModel.py:129]
2017-03-21 00:55:16,308 - root - ERROR - 'NavigableString' object has no attribute 'text' - [BaseModel.py:129]
2017-03-21 00:55:16,308 - root - ERROR - 'NavigableString' object has no attribute 'text' - [BaseModel.py:129]
2017-03-21 00:55:16,308 - root - ERROR - 'NavigableString' object has no attribute 'text' - [BaseModel.py:129]
2017-03-21 00:55:16,308 - root - ERROR - 'NavigableString' object has no attribute 'text' - [BaseModel.py:129]
2017-03-21 00:55:16,308 - root - ERROR - 'NavigableString' object has no attribute 'text' - [BaseModel.py:129]
2017-03-21 00:55:29,458 - root - ERROR - 'NavigableString' object has no attribute 'text' - [BaseModel.py:129]
2017-03-21 00:55:29,459 - root - ERROR - 'NavigableString' object has no attribute 'text' - [BaseModel.py:129]
2017-03-21 00:55:29,459 - root - ERROR - 'NavigableString' object has no attribute 'text' - [BaseModel.py:129]
2017-03-21 00:55:29,459 - root - ERROR - 'NavigableString' object has no attribute 'text' - [BaseModel.py:129]
2017-03-21 00:55:29,459 - root - ERROR - 'NavigableString' object has no attribute 'text' - [BaseModel.py:129]
2017-03-21 00:55:29,459 - root - ERROR - 'NavigableString' object has no attribute 'text' - [BaseModel.py:129]
2017-03-21 00:55:29,459 - root - ERROR - 'NavigableString' object has no attribute 'text' - [BaseModel.py:129]
2017-03-21 00:55:29,459 - root - ERROR - 'NavigableString' object has no attribute 'text' - [BaseModel.py:129]
2017-03-21 00:55:29,459 - root - ERROR - 'NavigableString' object has no attribute 'text' - [BaseModel.py:129]
2017-03-21 00:55:29,460 - root - ERROR - 'NavigableString' object has no attribute 'text' - [BaseModel.py:129]
2017-03-21 00:55:29,460 - root - ERROR - 'NavigableString' object has no attribute 'text' - [BaseModel.py:129]
2017-03-21 00:55:29,460 - root - ERROR - 'NavigableString' object has no attribute 'text' - [BaseModel.py:129]
2017-03-21 00:55:29,460 - root - ERROR - 'NavigableString' object has no attribute 'text' - [BaseModel.py:129]
2017-03-21 00:55:29,460 - root - ERROR - 'NavigableString' object has no attribute 'text' - [BaseModel.py:129]
2017-03-21 00:55:29,460 - root - ERROR - 'NavigableString' object has no attribute 'text' - [BaseModel.py:129]
2017-03-21 00:55:29,460 - root - ERROR - 'NavigableString' object has no attribute 'text' - [BaseModel.py:129]
2017-03-21 00:55:29,460 - root - ERROR - 'NavigableString' object has no attribute 'text' - [BaseModel.py:129]
2017-03-21 00:55:29,461 - root - ERROR - 'NavigableString' object has no attribute 'text' - [BaseModel.py:129]
2017-03-21 00:55:29,461 - root - ERROR - 'NavigableString' object has no attribute 'text' - [BaseModel.py:129]
2017-03-21 00:55:29,461 - root - ERROR - 'NavigableString' object has no attribute 'text' - [BaseModel.py:129]
2017-03-21 00:55:29,461 - root - ERROR - 'NavigableString' object has no attribute 'text' - [BaseModel.py:129]
2017-03-21 00:55:29,461 - root - ERROR - 'NavigableString' object has no attribute 'text' - [BaseModel.py:129]
2017-03-21 00:55:29,461 - root - ERROR - 'NavigableString' object has no attribute 'text' - [BaseModel.py:129]
2017-03-21 00:57:44,299 - root - ERROR - 'NavigableString' object has no attribute 'text' - [BaseModel.py:129]
2017-03-21 00:57:44,299 - root - ERROR - 'NavigableString' object has no attribute 'text' - [BaseModel.py:129]
2017-03-21 00:57:44,299 - root - ERROR - 'NavigableString' object has no attribute 'text' - [BaseModel.py:129]
2017-03-21 00:57:44,300 - root - ERROR - 'NavigableString' object has no attribute 'text' - [BaseModel.py:129]
2017-03-21 00:57:44,300 - root - ERROR - 'NavigableString' object has no attribute 'text' - [BaseModel.py:129]
2017-03-21 00:57:44,300 - root - ERROR - 'NavigableString' object has no attribute 'text' - [BaseModel.py:129]
2017-03-21 00:57:44,300 - root - ERROR - 'NavigableString' object has no attribute 'text' - [BaseModel.py:129]
2017-03-21 00:57:44,300 - root - ERROR - 'NavigableString' object has no attribute 'text' - [BaseModel.py:129]
2017-03-21 00:57:44,300 - root - ERROR - 'NavigableString' object has no attribute 'text' - [BaseModel.py:129]
2017-03-21 00:57:44,300 - root - ERROR - 'NavigableString' object has no attribute 'text' - [BaseModel.py:129]
2017-03-21 00:57:44,300 - root - ERROR - 'NavigableString' object has no attribute 'text' - [BaseModel.py:129]
2017-03-21 00:57:44,300 - root - ERROR - 'NavigableString' object has no attribute 'text' - [BaseModel.py:129]
2017-03-21 00:57:44,301 - root - ERROR - 'NavigableString' object has no attribute 'text' - [BaseModel.py:129]
2017-03-21 00:57:44,301 - root - ERROR - 'NavigableString' object has no attribute 'text' - [BaseModel.py:129]
2017-03-21 00:57:44,301 - root - ERROR - 'NavigableString' object has no attribute 'text' - [BaseModel.py:129]
2017-03-21 00:57:44,301 - root - ERROR - 'NavigableString' object has no attribute 'text' - [BaseModel.py:129]
2017-03-21 00:57:44,301 - root - ERROR - 'NavigableString' object has no attribute 'text' - [BaseModel.py:129]
2017-03-21 00:57:44,301 - root - ERROR - 'NavigableString' object has no attribute 'text' - [BaseModel.py:129]
2017-03-21 00:57:44,301 - root - ERROR - 'NavigableString' object has no attribute 'text' - [BaseModel.py:129]
2017-03-21 00:57:44,301 - root - ERROR - 'NavigableString' object has no attribute 'text' - [BaseModel.py:129]
2017-03-21 00:57:44,301 - root - ERROR - 'NavigableString' object has no attribute 'text' - [BaseModel.py:129]
2017-03-21 00:57:44,301 - root - ERROR - 'NavigableString' object has no attribute 'text' - [BaseModel.py:129]
2017-03-21 00:57:44,302 - root - ERROR - 'NavigableString' object has no attribute 'text' - [BaseModel.py:129]
2017-03-21 00:58:31,327 - root - ERROR - 'NavigableString' object has no attribute 'text' - [BaseModel.py:129]
2017-03-21 00:58:31,327 - root - ERROR - 'NavigableString' object has no attribute 'text' - [BaseModel.py:129]
2017-03-21 00:58:31,328 - root - ERROR - 'NavigableString' object has no attribute 'text' - [BaseModel.py:129]
2017-03-21 00:58:31,328 - root - ERROR - 'NavigableString' object has no attribute 'text' - [BaseModel.py:129]
2017-03-21 00:58:31,328 - root - ERROR - 'NavigableString' object has no attribute 'text' - [BaseModel.py:129]
2017-03-21 00:58:31,328 - root - ERROR - 'NavigableString' object has no attribute 'text' - [BaseModel.py:129]
2017-03-21 00:58:31,328 - root - ERROR - 'NavigableString' object has no attribute 'text' - [BaseModel.py:129]
2017-03-21 00:58:31,328 - root - ERROR - 'NavigableString' object has no attribute 'text' - [BaseModel.py:129]
2017-03-21 00:58:31,328 - root - ERROR - 'NavigableString' object has no attribute 'text' - [BaseModel.py:129]
2017-03-21 00:58:31,328 - root - ERROR - 'NavigableString' object has no attribute 'text' - [BaseModel.py:129]
2017-03-21 00:58:31,328 - root - ERROR - 'NavigableString' object has no attribute 'text' - [BaseModel.py:129]
2017-03-21 00:58:31,328 - root - ERROR - 'NavigableString' object has no attribute 'text' - [BaseModel.py:129]
2017-03-21 00:58:31,329 - root - ERROR - 'NavigableString' object has no attribute 'text' - [BaseModel.py:129]
2017-03-21 00:58:31,329 - root - ERROR - 'NavigableString' object has no attribute 'text' - [BaseModel.py:129]
2017-03-21 00:58:31,329 - root - ERROR - 'NavigableString' object has no attribute 'text' - [BaseModel.py:129]
2017-03-21 00:58:31,329 - root - ERROR - 'NavigableString' object has no attribute 'text' - [BaseModel.py:129]
2017-03-21 00:58:31,329 - root - ERROR - 'NavigableString' object has no attribute 'text' - [BaseModel.py:129]
2017-03-21 00:58:31,329 - root - ERROR - 'NavigableString' object has no attribute 'text' - [BaseModel.py:129]
2017-03-21 00:58:31,329 - root - ERROR - 'NavigableString' object has no attribute 'text' - [BaseModel.py:129]
2017-03-21 00:58:31,329 - root - ERROR - 'NavigableString' object has no attribute 'text' - [BaseModel.py:129]
2017-03-21 00:58:31,329 - root - ERROR - 'NavigableString' object has no attribute 'text' - [BaseModel.py:129]
2017-03-21 00:58:31,329 - root - ERROR - 'NavigableString' object has no attribute 'text' - [BaseModel.py:129]
2017-03-21 00:58:31,330 - root - ERROR - 'NavigableString' object has no attribute 'text' - [BaseModel.py:129]
